<?xml version="1.0" encoding="UTF-8"?>
<!-- Generated by org.testng.reporters.JUnitXMLReporter -->
<testsuite ignored="0" hostname="Rahuls-MacBook-Air.local" failures="0" tests="6" name="Regression1" time="16.232" errors="0" timestamp="27 May 2021 21:15:46 GMT">
  <testcase classname="com.org.Test.BaseTest" name="test1" time="0.011"/>
  <testcase classname="com.org.Test.InvocationCount" name="testInvocation" time="0.002"/>
  <testcase classname="com.org.Test.InvocationCount" name="testInvocation" time="0.001"/>
  <testcase classname="com.org.Test.InvocationCount" name="testInvocation" time="0.002"/>
  <testcase classname="com.org.Test.InvocationCount" name="testInvocation" time="0.004"/>
  <testcase classname="com.org.Test.InvocationCount" name="testInvocation" time="0.001"/>
</testsuite> <!-- Regression1 -->
